<?xml version="1.0" encoding="UTF-8"?>
<testsuite xmlns:xsi="http://www.w3.org/2001/XMLSchema-instance" xsi:noNamespaceSchemaLocation="https://maven.apache.org/surefire/maven-surefire-plugin/xsd/surefire-test-report.xsd" name="aed.pd1.TArbolGenericoTest" time="0.113" tests="8" errors="0" skipped="0" failures="0">
  <properties>
[...]
</properties>
  <testcase name="testInsertarRaiz" classname="aed.pd1.TArbolGenericoTest" time="0.048"/>
  <testcase name="testInsertarOtroHijoRaiz" classname="aed.pd1.TArbolGenericoTest" time="0.042"/>
  <testcase name="testBuscarArbolElementoNoexiste" classname="aed.pd1.TArbolGenericoTest" time="0"/>
  <testcase name="testBuscarNulo" classname="aed.pd1.TArbolGenericoTest" time="0.004"/>
  <testcase name="testBuscarRaiz" classname="aed.pd1.TArbolGenericoTest" time="0"/>
  <testcase name="testBuscarUnElemento" classname="aed.pd1.TArbolGenericoTest" time="0"/>
  <testcase name="testInsertarUnHijoRaiz" classname="aed.pd1.TArbolGenericoTest" time="0"/>
  <testcase name="testInsertarUnHijoaUnHijoDeRaiz" classname="aed.pd1.TArbolGenericoTest" time="0"/>
</testsuite>