<?xml version="1.0" encoding="UTF-8" ?>
<testsuite tests="8" failures="0" name="aed.clasificador1.TClasificadorTest" time="0" errors="0" skipped="0">
  <properties>
[...]
</properties>
  <testcase classname="aed.clasificador1.TClasificadorTest" name="aed.clasificador1.TClasificadorTest.testShellSort" time="0"/>
  <testcase classname="aed.clasificador1.TClasificadorTest" name="aed.clasificador1.TClasificadorTest.testBubbleSort" time="0"/>
  <testcase classname="aed.clasificador1.TClasificadorTest" name="aed.clasificador1.TClasificadorTest.testEstaOrdenadoFalso" time="0"/>
  <testcase classname="aed.clasificador1.TClasificadorTest" name="aed.clasificador1.TClasificadorTest.testEstaOrdenadoVerdadero" time="0"/>
  <testcase classname="aed.clasificador1.TClasificadorTest" name="aed.clasificador1.TClasificadorTest.testOrdenarPorQuickSort" time="0"/>
  <testcase classname="aed.clasificador1.TClasificadorTest" name="aed.clasificador1.TClasificadorTest.testOrdenarPorInsercion" time="0"/>
  <testcase classname="aed.clasificador1.TClasificadorTest" name="aed.clasificador1.TClasificadorTest.testOrdenarPorHeapSort" time="0"/>
  <testcase classname="aed.clasificador1.TClasificadorTest" name="aed.clasificador1.TClasificadorTest.testOrdenarPorCuentas" time="0"/>
</testsuite>