-------------------------------------------------------------------------------
Test set: TArbolPiezasTest
-------------------------------------------------------------------------------
Tests run: 1, Failures: 1, Errors: 0, Skipped: 0, Time elapsed: 0.063 s <<< FAILURE! - in TArbolPiezasTest
testPiezasPorRubro  Time elapsed: 0.047 s  <<< FAILURE!
org.opentest4j.AssertionFailedError: expected: <[1, 1]> but was: <[3, 3]>
	at TArbolPiezasTest.testPiezasPorRubro(TArbolPiezasTest.java:38)

